# JRE version: OpenJDK Runtime Environment Temurin-17.0.7+7 (17.0.7+7) (build 17.0.7+7)
# Java VM: OpenJDK 64-Bit Server VM Temurin-17.0.7+7 (17.0.7+7, mixed mode, sharing, tiered, compressed oops, compressed class ptrs, g1 gc, linux-amd64)
GC Precious Log:
 CPUs: 4 total, 4 available
 Memory: 15881M
 Large Page Support: Disabled
 NUMA Support: Disabled
 Compressed Oops: Enabled (Zero based)
 Heap Region Size: 2M
 Heap Min Capacity: 8M
 Heap Initial Capacity: 250M
 Heap Max Capacity: 3972M
 Pre-touch: Disabled
 Parallel Workers: 4
 Concurrent Workers: 1
 Concurrent Refinement Workers: 4
 Periodic GC: Disabled
Heap:
 garbage-first heap   total 118784K, used 40634K [0x0000000707c00000, 0x0000000800000000)
  region size 2048K, 7 young (14336K), 2 survivors (4096K)
 Metaspace       used 47431K, committed 47936K, reserved 1114112K
  class space    used 6018K, committed 6272K, reserved 1048576K
GC Heap History (20 events):
Event: 2.863 GC heap before
{Heap before GC invocations=3 (full 0):
 garbage-first heap   total 260096K, used 45419K [0x0000000707c00000, 0x0000000800000000)
  region size 2048K, 18 young (36864K), 2 survivors (4096K)
 Metaspace       used 21174K, committed 21504K, reserved 1114112K
  class space    used 2440K, committed 2560K, reserved 1048576K
}
Event: 2.872 GC heap after
{Heap after GC invocations=4 (full 0):
 garbage-first heap   total 260096K, used 23381K [0x0000000707c00000, 0x0000000800000000)
  region size 2048K, 6 young (12288K), 6 survivors (12288K)
 Metaspace       used 21174K, committed 21504K, reserved 1114112K
  class space    used 2440K, committed 2560K, reserved 1048576K
}
Event: 8.174 GC heap before
{Heap before GC invocations=5 (full 0):
 garbage-first heap   total 96256K, used 68437K [0x0000000707c00000, 0x0000000800000000)
  region size 2048K, 28 young (57344K), 6 survivors (12288K)
 Metaspace       used 28455K, committed 28864K, reserved 1114112K
  class space    used 3200K, committed 3392K, reserved 1048576K
}
Event: 8.187 GC heap after
{Heap after GC invocations=6 (full 0):
 garbage-first heap   total 96256K, used 25055K [0x0000000707c00000, 0x0000000800000000)
  region size 2048K, 2 young (4096K), 2 survivors (4096K)
 Metaspace       used 28455K, committed 28864K, reserved 1114112K
  class space    used 3200K, committed 3392K, reserved 1048576K
}
Event: 8.355 GC heap before
{Heap before GC invocations=6 (full 0):
 garbage-first heap   total 96256K, used 27103K [0x0000000707c00000, 0x0000000800000000)
  region size 2048K, 3 young (6144K), 2 survivors (4096K)
 Metaspace       used 28808K, committed 29248K, reserved 1114112K
  class space    used 3245K, committed 3456K, reserved 1048576K
}
Event: 8.368 GC heap after
{Heap after GC invocations=7 (full 0):
 garbage-first heap   total 96256K, used 25397K [0x0000000707c00000, 0x0000000800000000)
  region size 2048K, 1 young (2048K), 1 survivors (2048K)
 Metaspace       used 28808K, committed 29248K, reserved 1114112K
  class space    used 3245K, committed 3456K, reserved 1048576K
}
Event: 9.139 GC heap before
{Heap before GC invocations=7 (full 0):
 garbage-first heap   total 96256K, used 66357K [0x0000000707c00000, 0x0000000800000000)
  region size 2048K, 21 young (43008K), 1 survivors (2048K)
 Metaspace       used 32629K, committed 33088K, reserved 1114112K
  class space    used 3729K, committed 3968K, reserved 1048576K
}
Event: 9.143 GC heap after
{Heap after GC invocations=8 (full 0):
 garbage-first heap   total 96256K, used 27079K [0x0000000707c00000, 0x0000000800000000)
  region size 2048K, 2 young (4096K), 2 survivors (4096K)
 Metaspace       used 32629K, committed 33088K, reserved 1114112K
  class space    used 3729K, committed 3968K, reserved 1048576K
}
Event: 9.641 GC heap before
{Heap before GC invocations=9 (full 0):
 garbage-first heap   total 96256K, used 68039K [0x0000000707c00000, 0x0000000800000000)
  region size 2048K, 22 young (45056K), 2 survivors (4096K)
 Metaspace       used 39003K, committed 39552K, reserved 1114112K
  class space    used 4971K, committed 5184K, reserved 1048576K
}
Event: 9.646 GC heap after
{Heap after GC invocations=10 (full 0):
 garbage-first heap   total 96256K, used 29617K [0x0000000707c00000, 0x0000000800000000)
  region size 2048K, 3 young (6144K), 3 survivors (6144K)
 Metaspace       used 39003K, committed 39552K, reserved 1114112K
  class space    used 4971K, committed 5184K, reserved 1048576K
}
Event: 9.676 GC heap before
{Heap before GC invocations=10 (full 0):
 garbage-first heap   total 96256K, used 31665K [0x0000000707c00000, 0x0000000800000000)
  region size 2048K, 4 young (8192K), 3 survivors (6144K)
 Metaspace       used 39319K, committed 39872K, reserved 1114112K
  class space    used 5006K, committed 5248K, reserved 1048576K
}
Event: 9.685 GC heap after
{Heap after GC invocations=11 (full 0):
 garbage-first heap   total 118784K, used 30125K [0x0000000707c00000, 0x0000000800000000)
  region size 2048K, 1 young (2048K), 1 survivors (2048K)
 Metaspace       used 39319K, committed 39872K, reserved 1114112K
  class space    used 5006K, committed 5248K, reserved 1048576K
}
Event: 10.625 GC heap before
{Heap before GC invocations=11 (full 0):
 garbage-first heap   total 118784K, used 89517K [0x0000000707c00000, 0x0000000800000000)
  region size 2048K, 30 young (61440K), 1 survivors (2048K)
 Metaspace       used 40154K, committed 40640K, reserved 1114112K
  class space    used 5096K, committed 5312K, reserved 1048576K
}
Event: 10.627 GC heap after
{Heap after GC invocations=12 (full 0):
 garbage-first heap   total 118784K, used 29841K [0x0000000707c00000, 0x0000000800000000)
  region size 2048K, 1 young (2048K), 1 survivors (2048K)
 Metaspace       used 40154K, committed 40640K, reserved 1114112K
  class space    used 5096K, committed 5312K, reserved 1048576K
}
Event: 12.472 GC heap before
{Heap before GC invocations=12 (full 0):
 garbage-first heap   total 118784K, used 91281K [0x0000000707c00000, 0x0000000800000000)
  region size 2048K, 31 young (63488K), 1 survivors (2048K)
 Metaspace       used 41159K, committed 41664K, reserved 1114112K
  class space    used 5187K, committed 5440K, reserved 1048576K
}
Event: 12.474 GC heap after
{Heap after GC invocations=13 (full 0):
 garbage-first heap   total 118784K, used 29906K [0x0000000707c00000, 0x0000000800000000)
  region size 2048K, 1 young (2048K), 1 survivors (2048K)
 Metaspace       used 41159K, committed 41664K, reserved 1114112K
  class space    used 5187K, committed 5440K, reserved 1048576K
}
Event: 13.466 GC heap before
{Heap before GC invocations=13 (full 0):
 garbage-first heap   total 118784K, used 93394K [0x0000000707c00000, 0x0000000800000000)
  region size 2048K, 32 young (65536K), 1 survivors (2048K)
 Metaspace       used 41163K, committed 41664K, reserved 1114112K
  class space    used 5187K, committed 5440K, reserved 1048576K
}
Event: 13.468 GC heap after
{Heap after GC invocations=14 (full 0):
 garbage-first heap   total 118784K, used 29908K [0x0000000707c00000, 0x0000000800000000)
  region size 2048K, 1 young (2048K), 1 survivors (2048K)
 Metaspace       used 41163K, committed 41664K, reserved 1114112K
  class space    used 5187K, committed 5440K, reserved 1048576K
}
Event: 24.510 GC heap before
{Heap before GC invocations=14 (full 0):
 garbage-first heap   total 118784K, used 95444K [0x0000000707c00000, 0x0000000800000000)
  region size 2048K, 33 young (67584K), 1 survivors (2048K)
 Metaspace       used 45779K, committed 46272K, reserved 1114112K
  class space    used 5826K, committed 6016K, reserved 1048576K
}
Event: 24.514 GC heap after
{Heap after GC invocations=15 (full 0):
 garbage-first heap   total 118784K, used 31137K [0x0000000707c00000, 0x0000000800000000)
  region size 2048K, 1 young (2048K), 1 survivors (2048K)
 Metaspace       used 45779K, committed 46272K, reserved 1114112K
  class space    used 5826K, committed 6016K, reserved 1048576K
}

